  [1m[35m (1.4ms)[0m  [1m[34mSELECT sqlite_version(*)[0m
  [1m[35m (2.2ms)[0m  [1m[35mCREATE TABLE "schema_migrations" ("version" varchar NOT NULL PRIMARY KEY)[0m
  [1m[35m (1.5ms)[0m  [1m[35mCREATE TABLE "ar_internal_metadata" ("key" varchar NOT NULL PRIMARY KEY, "value" varchar, "created_at" datetime(6) NOT NULL, "updated_at" datetime(6) NOT NULL)[0m
  [1m[36mActiveRecord::SchemaMigration Pluck (0.1ms)[0m  [1m[34mSELECT "schema_migrations"."version" FROM "schema_migrations" ORDER BY "schema_migrations"."version" ASC[0m
Migrating to CreatePosts (20220326053530)
  [1m[36mTRANSACTION (0.0ms)[0m  [1m[36mbegin transaction[0m
  [1m[35m (0.2ms)[0m  [1m[35mCREATE TABLE "posts" ("id" integer PRIMARY KEY AUTOINCREMENT NOT NULL, "comment" varchar, "created_at" datetime(6) NOT NULL, "updated_at" datetime(6) NOT NULL)[0m
  [1m[36mActiveRecord::SchemaMigration Create (0.1ms)[0m  [1m[32mINSERT INTO "schema_migrations" ("version") VALUES (?)[0m  [["version", "20220326053530"]]
  [1m[36mTRANSACTION (1.6ms)[0m  [1m[36mcommit transaction[0m
  [1m[36mActiveRecord::InternalMetadata Load (0.1ms)[0m  [1m[34mSELECT "ar_internal_metadata".* FROM "ar_internal_metadata" WHERE "ar_internal_metadata"."key" = ? LIMIT ?[0m  [["key", "environment"], ["LIMIT", 1]]
  [1m[36mTRANSACTION (0.0ms)[0m  [1m[36mbegin transaction[0m
  [1m[36mActiveRecord::InternalMetadata Create (0.1ms)[0m  [1m[32mINSERT INTO "ar_internal_metadata" ("key", "value", "created_at", "updated_at") VALUES (?, ?, ?, ?)[0m  [["key", "environment"], ["value", "development"], ["created_at", "2022-03-26 05:38:02.029230"], ["updated_at", "2022-03-26 05:38:02.029230"]]
  [1m[36mTRANSACTION (1.3ms)[0m  [1m[36mcommit transaction[0m
  [1m[35m (0.0ms)[0m  [1m[34mSELECT sqlite_version(*)[0m
  [1m[36mActiveRecord::SchemaMigration Pluck (0.1ms)[0m  [1m[34mSELECT "schema_migrations"."version" FROM "schema_migrations" ORDER BY "schema_migrations"."version" ASC[0m
Started GET "/" for ::1 at 2022-03-26 17:03:34 +1100
  [1m[35m (0.5ms)[0m  [1m[34mSELECT sqlite_version(*)[0m
  [1m[36mActiveRecord::SchemaMigration Pluck (0.1ms)[0m  [1m[34mSELECT "schema_migrations"."version" FROM "schema_migrations" ORDER BY "schema_migrations"."version" ASC[0m
Processing by PostsController#index as HTML
  Rendering layout layouts/application.html.erb
  Rendering posts/index.html.erb within layouts/application
  [1m[36mPost Load (0.2ms)[0m  [1m[34mSELECT "posts".* FROM "posts" ORDER BY "posts"."created_at" DESC[0m
  ↳ app/views/posts/index.html.erb:17
  Rendered posts/index.html.erb within layouts/application (Duration: 10.0ms | Allocations: 2645)
  Rendered layout layouts/application.html.erb (Duration: 213.0ms | Allocations: 92592)
Completed 200 OK in 236ms (Views: 216.8ms | ActiveRecord: 0.9ms | Allocations: 104904)


Started POST "/posts" for ::1 at 2022-03-26 17:03:54 +1100
  
AbstractController::ActionNotFound (The action 'create' could not be found for PostsController):
  
actionpack (7.0.2.3) lib/abstract_controller/base.rb:146:in `process'
actionview (7.0.2.3) lib/action_view/rendering.rb:39:in `process'
actionpack (7.0.2.3) lib/action_controller/metal.rb:188:in `dispatch'
actionpack (7.0.2.3) lib/action_controller/metal.rb:251:in `dispatch'
actionpack (7.0.2.3) lib/action_dispatch/routing/route_set.rb:49:in `dispatch'
actionpack (7.0.2.3) lib/action_dispatch/routing/route_set.rb:32:in `serve'
actionpack (7.0.2.3) lib/action_dispatch/journey/router.rb:50:in `block in serve'
actionpack (7.0.2.3) lib/action_dispatch/journey/router.rb:32:in `each'
actionpack (7.0.2.3) lib/action_dispatch/journey/router.rb:32:in `serve'
actionpack (7.0.2.3) lib/action_dispatch/routing/route_set.rb:850:in `call'
rack (2.2.3) lib/rack/tempfile_reaper.rb:15:in `call'
rack (2.2.3) lib/rack/etag.rb:27:in `call'
rack (2.2.3) lib/rack/conditional_get.rb:40:in `call'
rack (2.2.3) lib/rack/head.rb:12:in `call'
actionpack (7.0.2.3) lib/action_dispatch/http/permissions_policy.rb:22:in `call'
actionpack (7.0.2.3) lib/action_dispatch/http/content_security_policy.rb:18:in `call'
rack (2.2.3) lib/rack/session/abstract/id.rb:266:in `context'
rack (2.2.3) lib/rack/session/abstract/id.rb:260:in `call'
actionpack (7.0.2.3) lib/action_dispatch/middleware/cookies.rb:693:in `call'
activerecord (7.0.2.3) lib/active_record/migration.rb:603:in `call'
actionpack (7.0.2.3) lib/action_dispatch/middleware/callbacks.rb:27:in `block in call'
activesupport (7.0.2.3) lib/active_support/callbacks.rb:99:in `run_callbacks'
actionpack (7.0.2.3) lib/action_dispatch/middleware/callbacks.rb:26:in `call'
actionpack (7.0.2.3) lib/action_dispatch/middleware/executor.rb:14:in `call'
actionpack (7.0.2.3) lib/action_dispatch/middleware/actionable_exceptions.rb:17:in `call'
actionpack (7.0.2.3) lib/action_dispatch/middleware/debug_exceptions.rb:28:in `call'
web-console (4.2.0) lib/web_console/middleware.rb:132:in `call_app'
web-console (4.2.0) lib/web_console/middleware.rb:28:in `block in call'
web-console (4.2.0) lib/web_console/middleware.rb:17:in `catch'
web-console (4.2.0) lib/web_console/middleware.rb:17:in `call'
actionpack (7.0.2.3) lib/action_dispatch/middleware/show_exceptions.rb:26:in `call'
railties (7.0.2.3) lib/rails/rack/logger.rb:36:in `call_app'
railties (7.0.2.3) lib/rails/rack/logger.rb:25:in `block in call'
activesupport (7.0.2.3) lib/active_support/tagged_logging.rb:99:in `block in tagged'
activesupport (7.0.2.3) lib/active_support/tagged_logging.rb:37:in `tagged'
activesupport (7.0.2.3) lib/active_support/tagged_logging.rb:99:in `tagged'
railties (7.0.2.3) lib/rails/rack/logger.rb:25:in `call'
sprockets-rails (3.4.2) lib/sprockets/rails/quiet_assets.rb:13:in `call'
actionpack (7.0.2.3) lib/action_dispatch/middleware/remote_ip.rb:93:in `call'
actionpack (7.0.2.3) lib/action_dispatch/middleware/request_id.rb:26:in `call'
rack (2.2.3) lib/rack/method_override.rb:24:in `call'
rack (2.2.3) lib/rack/runtime.rb:22:in `call'
activesupport (7.0.2.3) lib/active_support/cache/strategy/local_cache_middleware.rb:29:in `call'
actionpack (7.0.2.3) lib/action_dispatch/middleware/server_timing.rb:20:in `call'
actionpack (7.0.2.3) lib/action_dispatch/middleware/executor.rb:14:in `call'
actionpack (7.0.2.3) lib/action_dispatch/middleware/static.rb:23:in `call'
rack (2.2.3) lib/rack/sendfile.rb:110:in `call'
actionpack (7.0.2.3) lib/action_dispatch/middleware/host_authorization.rb:137:in `call'
railties (7.0.2.3) lib/rails/engine.rb:530:in `call'
puma (5.6.2) lib/puma/configuration.rb:252:in `call'
puma (5.6.2) lib/puma/request.rb:77:in `block in handle_request'
puma (5.6.2) lib/puma/thread_pool.rb:340:in `with_force_shutdown'
puma (5.6.2) lib/puma/request.rb:76:in `handle_request'
puma (5.6.2) lib/puma/server.rb:441:in `process_client'
puma (5.6.2) lib/puma/thread_pool.rb:147:in `block in spawn_thread'
Started GET "/" for ::1 at 2022-03-26 17:03:54 +1100
Processing by PostsController#index as HTML
  Rendering layout layouts/application.html.erb
  Rendering posts/index.html.erb within layouts/application
  [1m[36mPost Load (0.1ms)[0m  [1m[34mSELECT "posts".* FROM "posts" ORDER BY "posts"."created_at" DESC[0m
  ↳ app/views/posts/index.html.erb:17
  Rendered posts/index.html.erb within layouts/application (Duration: 1.5ms | Allocations: 1162)
  Rendered layout layouts/application.html.erb (Duration: 3.6ms | Allocations: 3384)
Completed 200 OK in 4ms (Views: 3.9ms | ActiveRecord: 0.1ms | Allocations: 3848)


Started GET "/" for ::1 at 2022-03-26 17:13:35 +1100
  [1m[35m (0.4ms)[0m  [1m[34mSELECT sqlite_version(*)[0m
  [1m[36mActiveRecord::SchemaMigration Pluck (0.1ms)[0m  [1m[34mSELECT "schema_migrations"."version" FROM "schema_migrations" ORDER BY "schema_migrations"."version" ASC[0m
  
SyntaxError (/home/david/Desktop/RubyOnRails/CodeAcademy/threadly/app/controllers/posts_controller.rb:19: syntax error, unexpected `end', expecting end-of-input):
  
app/controllers/posts_controller.rb:19: syntax error, unexpected `end', expecting end-of-input
app/controllers/posts_controller.rb:19: syntax error, unexpected `end', expecting end-of-input
app/controllers/posts_controller.rb:19: syntax error, unexpected `end', expecting end-of-input
Started GET "/" for ::1 at 2022-03-26 17:14:11 +1100
Processing by PostsController#index as HTML
  [1m[35m (0.0ms)[0m  [1m[34mSELECT sqlite_version(*)[0m
  ↳ app/controllers/posts_controller.rb:3:in `index'
  Rendering layout layouts/application.html.erb
  Rendering posts/index.html.erb within layouts/application
  [1m[36mPost Load (0.2ms)[0m  [1m[34mSELECT "posts".* FROM "posts" ORDER BY "posts"."created_at" DESC[0m
  ↳ app/views/posts/index.html.erb:17
  Rendered posts/index.html.erb within layouts/application (Duration: 3.7ms | Allocations: 2021)
  Rendered layout layouts/application.html.erb (Duration: 48.2ms | Allocations: 36055)
Completed 200 OK in 59ms (Views: 49.1ms | ActiveRecord: 0.9ms | Allocations: 45807)


Started POST "/posts" for ::1 at 2022-03-26 17:14:39 +1100
Processing by PostsController#create as TURBO_STREAM
  Parameters: {"authenticity_token"=>"[FILTERED]", "post"=>{"comment"=>"hello"}, "commit"=>"Submit"}
  [1m[36mTRANSACTION (0.0ms)[0m  [1m[36mbegin transaction[0m
  ↳ app/controllers/posts_controller.rb:9:in `create'
  [1m[36mPost Create (0.2ms)[0m  [1m[32mINSERT INTO "posts" ("comment", "created_at", "updated_at") VALUES (?, ?, ?)[0m  [["comment", "hello"], ["created_at", "2022-03-26 06:14:39.499377"], ["updated_at", "2022-03-26 06:14:39.499377"]]
  ↳ app/controllers/posts_controller.rb:9:in `create'
  [1m[36mTRANSACTION (1.3ms)[0m  [1m[36mcommit transaction[0m
  ↳ app/controllers/posts_controller.rb:9:in `create'
Redirected to http://[::1]:3000/
Completed 302 Found in 6ms (ActiveRecord: 1.5ms | Allocations: 3647)


Started GET "/" for ::1 at 2022-03-26 17:14:39 +1100
Processing by PostsController#index as TURBO_STREAM
  Rendering layout layouts/application.html.erb
  Rendering posts/index.html.erb within layouts/application
  [1m[36mPost Load (0.1ms)[0m  [1m[34mSELECT "posts".* FROM "posts" ORDER BY "posts"."created_at" DESC[0m
  ↳ app/views/posts/index.html.erb:17
  Rendered posts/index.html.erb within layouts/application (Duration: 1.5ms | Allocations: 1108)
  Rendered layout layouts/application.html.erb (Duration: 3.7ms | Allocations: 3312)
Completed 200 OK in 4ms (Views: 4.0ms | ActiveRecord: 0.1ms | Allocations: 3814)


Started POST "/posts" for ::1 at 2022-03-26 17:14:45 +1100
Processing by PostsController#create as TURBO_STREAM
  Parameters: {"authenticity_token"=>"[FILTERED]", "post"=>{"comment"=>"hello world"}, "commit"=>"Submit"}
  [1m[36mTRANSACTION (0.0ms)[0m  [1m[36mbegin transaction[0m
  ↳ app/controllers/posts_controller.rb:9:in `create'
  [1m[36mPost Create (0.1ms)[0m  [1m[32mINSERT INTO "posts" ("comment", "created_at", "updated_at") VALUES (?, ?, ?)[0m  [["comment", "hello world"], ["created_at", "2022-03-26 06:14:45.569439"], ["updated_at", "2022-03-26 06:14:45.569439"]]
  ↳ app/controllers/posts_controller.rb:9:in `create'
  [1m[36mTRANSACTION (1.3ms)[0m  [1m[36mcommit transaction[0m
  ↳ app/controllers/posts_controller.rb:9:in `create'
Redirected to http://[::1]:3000/
Completed 302 Found in 5ms (ActiveRecord: 1.5ms | Allocations: 2241)


Started GET "/" for ::1 at 2022-03-26 17:14:45 +1100
Processing by PostsController#index as TURBO_STREAM
  Rendering layout layouts/application.html.erb
  Rendering posts/index.html.erb within layouts/application
  [1m[36mPost Load (0.1ms)[0m  [1m[34mSELECT "posts".* FROM "posts" ORDER BY "posts"."created_at" DESC[0m
  ↳ app/views/posts/index.html.erb:17
  Rendered posts/index.html.erb within layouts/application (Duration: 1.5ms | Allocations: 1009)
  Rendered layout layouts/application.html.erb (Duration: 3.5ms | Allocations: 3114)
Completed 200 OK in 4ms (Views: 3.8ms | ActiveRecord: 0.1ms | Allocations: 3503)


  [1m[35m (0.4ms)[0m  [1m[34mSELECT sqlite_version(*)[0m
  [1m[36mPost Load (0.1ms)[0m  [1m[34mSELECT "posts".* FROM "posts"[0m
Started GET "/" for ::1 at 2022-03-26 17:20:00 +1100
  [1m[35m (0.4ms)[0m  [1m[34mSELECT sqlite_version(*)[0m
  [1m[36mActiveRecord::SchemaMigration Pluck (0.1ms)[0m  [1m[34mSELECT "schema_migrations"."version" FROM "schema_migrations" ORDER BY "schema_migrations"."version" ASC[0m
Processing by PostsController#index as HTML
  Rendering layout layouts/application.html.erb
  Rendering posts/index.html.erb within layouts/application
  [1m[36mPost Load (0.2ms)[0m  [1m[34mSELECT "posts".* FROM "posts" ORDER BY "posts"."created_at" DESC[0m
  ↳ app/views/posts/index.html.erb:17
  Rendered posts/index.html.erb within layouts/application (Duration: 5.8ms | Allocations: 2526)
  Rendered layout layouts/application.html.erb (Duration: 45.4ms | Allocations: 36678)
Completed 200 OK in 66ms (Views: 55.9ms | ActiveRecord: 0.5ms | Allocations: 47822)


Started GET "/" for 127.0.0.1 at 2022-04-15 12:19:49 +1000
  [1m[35m (0.7ms)[0m  [1m[34mSELECT sqlite_version(*)[0m
  [1m[36mActiveRecord::SchemaMigration Pluck (0.1ms)[0m  [1m[34mSELECT "schema_migrations"."version" FROM "schema_migrations" ORDER BY "schema_migrations"."version" ASC[0m
Processing by PostsController#index as HTML
  Rendering layout layouts/application.html.erb
  Rendering posts/index.html.erb within layouts/application
  [1m[36mPost Load (0.2ms)[0m  [1m[34mSELECT "posts".* FROM "posts" ORDER BY "posts"."created_at" DESC[0m
  ↳ app/views/posts/index.html.erb:17
  Rendered posts/index.html.erb within layouts/application (Duration: 6.9ms | Allocations: 2526)
  Rendered layout layouts/application.html.erb (Duration: 61.7ms | Allocations: 36680)
Completed 200 OK in 76ms (Views: 63.8ms | ActiveRecord: 0.6ms | Allocations: 47788)


